<?xml version="1.0" encoding="UTF-8"?>
<!-- Generated by org.testng.reporters.JUnitReportReporter -->
<testsuite hostname="SNEHAL" failures="0" tests="1" name="tnpractice.Tng1" time="64.363" errors="0" timestamp="2022-04-22T23:01:28 IST" skipped="0">
  <testcase classname="tnpractice.Tng1" name="f" time="64.363"/>
  <system-out/>
</testsuite> <!-- tnpractice.Tng1 -->
