<?xml version="1.0" encoding="UTF-8"?>
<!-- Generated by org.testng.reporters.JUnitReportReporter -->
<testsuite hostname="SNEHAL" failures="0" tests="3" name="tnpractice.TestNGfirst" time="0.024" errors="0" timestamp="2022-04-22T21:48:43 IST" skipped="0">
  <testcase classname="tnpractice.TestNGfirst" name="testz" time="0.002"/>
  <system-out/>
  <testcase classname="tnpractice.TestNGfirst" name="testp" time="0.005"/>
  <system-out/>
  <testcase classname="tnpractice.TestNGfirst" name="testa" time="0.017"/>
  <system-out/>
</testsuite> <!-- tnpractice.TestNGfirst -->
